<?xml version="1.0" encoding="UTF-8"?>
<testng-results ignored="0" total="1" passed="1" failed="0" skipped="0">
  <reporter-output>
  </reporter-output>
  <suite started-at="2019-12-10T20:08:26 IST" name="Default suite" finished-at="2019-12-10T20:08:48 IST" duration-ms="22089">
    <groups>
    </groups>
    <test started-at="2019-12-10T20:08:26 IST" name="Default test" finished-at="2019-12-10T20:08:48 IST" duration-ms="22089">
      <class name="Day_003_Locators.TC01_Xpath">
        <test-method signature="Test210()[pri:0, instance:Day_003_Locators.TC01_Xpath@7c0c77c7]" started-at="2019-12-10T20:08:26 IST" name="Test210" finished-at="2019-12-10T20:08:48 IST" duration-ms="21933" status="PASS">
          <reporter-output>
          </reporter-output>
        </test-method> <!-- Test210 -->
      </class> <!-- Day_003_Locators.TC01_Xpath -->
    </test> <!-- Default test -->
  </suite> <!-- Default suite -->
</testng-results>
