<?xml version="1.0" encoding="UTF-8"?>
<testng-results ignored="0" total="1" passed="1" failed="0" skipped="0">
  <reporter-output>
  </reporter-output>
  <suite started-at="2019-11-07T16:51:49Z" name="Default suite" finished-at="2019-11-07T16:52:00Z" duration-ms="10888">
    <groups>
    </groups>
    <test started-at="2019-11-07T16:51:49Z" name="Default test" finished-at="2019-11-07T16:52:00Z" duration-ms="10888">
      <class name="Day_022_Action_class.TC04_Drag_And_Drop">
        <test-method signature="Login_Test()[pri:0, instance:Day_022_Action_class.TC04_Drag_And_Drop@54c562f7]" started-at="2019-11-07T16:51:49Z" name="Login_Test" finished-at="2019-11-07T16:52:00Z" duration-ms="10834" status="PASS">
          <reporter-output>
          </reporter-output>
        </test-method> <!-- Login_Test -->
      </class> <!-- Day_022_Action_class.TC04_Drag_And_Drop -->
    </test> <!-- Default test -->
  </suite> <!-- Default suite -->
</testng-results>
